2026-05-16 08:31:02 [INFO] ts_benchmark.data.data_source(126): Start loading 1 series in parallel
2026-05-16 08:31:02 [INFO] ts_benchmark.data.data_source(135): Data loading finished.
2026-05-16 08:31:02 [INFO] ts_benchmark.data.suites.global_storage(40): Data server starting...
2026-05-16 08:31:02 [INFO] ts_benchmark.data.suites.global_storage(41): Start sending data to the global storage.
2026-05-16 08:31:02 [INFO] ts_benchmark.data.suites.global_storage(46): Notifying all workers to sync data from the global storage.
2026-05-16 08:31:02 [INFO] ts_benchmark.data.suites.global_storage(49): Data server started.
2026-05-16 08:31:02 [INFO] ts_benchmark.models.model_loader(102): Trying to load model ts_benchmark.baselines.srsnet.SRSNet

scheduling SRSNet:   0%|          | 0/1 [00:00<?, ?it/s]2026-05-16 08:31:03 [WARNING] ts_benchmark.baselines.deep_forecasting_model_base(56): The model parameter horizon is deprecated. Please use pred_len.

scheduling SRSNet: 100%|██████████| 1/1 [04:43<00:00, 283.12s/it]
scheduling SRSNet: 100%|██████████| 1/1 [04:43<00:00, 283.12s/it]
---------------------------------------------------------- SRSNet
Total trainable parameters: 1083034
Validation loss decreased (inf --> 0.150841).  Saving model ...
Updating learning rate to 0.0001
EarlyStopping counter: 1 out of 10
Updating learning rate to 5e-05
Validation loss decreased (0.150841 --> 0.149663).  Saving model ...
Updating learning rate to 2.5e-05
Validation loss decreased (0.149663 --> 0.148101).  Saving model ...
Updating learning rate to 1.25e-05
Validation loss decreased (0.148101 --> 0.147087).  Saving model ...
Updating learning rate to 6.25e-06
EarlyStopping counter: 1 out of 10
Updating learning rate to 3.125e-06
EarlyStopping counter: 2 out of 10
Updating learning rate to 1.5625e-06
EarlyStopping counter: 3 out of 10
Updating learning rate to 7.8125e-07
EarlyStopping counter: 4 out of 10
Updating learning rate to 3.90625e-07
Validation loss decreased (0.147087 --> 0.146770).  Saving model ...
Updating learning rate to 1.953125e-07
EarlyStopping counter: 1 out of 10
Updating learning rate to 9.765625e-08
EarlyStopping counter: 2 out of 10
Updating learning rate to 4.8828125e-08
EarlyStopping counter: 3 out of 10
Updating learning rate to 2.44140625e-08
EarlyStopping counter: 4 out of 10
Updating learning rate to 1.220703125e-08
EarlyStopping counter: 5 out of 10
Updating learning rate to 6.103515625e-09
EarlyStopping counter: 6 out of 10
Updating learning rate to 3.0517578125e-09
EarlyStopping counter: 7 out of 10
Updating learning rate to 1.52587890625e-09
EarlyStopping counter: 8 out of 10
Updating learning rate to 7.62939453125e-10
EarlyStopping counter: 9 out of 10
Updating learning rate to 3.814697265625e-10
EarlyStopping counter: 10 out of 10

collecting SRSNet:   0%|          | 0/1 [00:00<?, ?it/s]
collecting SRSNet: 100%|██████████| 1/1 [00:00<00:00, 46091.25it/s]
collecting SRSNet: 100%|██████████| 1/1 [00:00<00:00, 10979.85it/s]
2026-05-16 08:35:46 [INFO] ts_benchmark.recording(103): loading log file /home/ubuntu/SRSNet/result/repro/selectivity-controls/selectivity_controls/selectivity_controls_ETTm2_H96_SRSNet_s2022/SRSNet.1778920546.8e9af4e1-bd59-4abd-bd87-4b870b430c55-5f6cc66cbf-5llvp.7063.csv.tar.gz
