2026-05-16 18:24:17 [INFO] ts_benchmark.data.data_source(126): Start loading 1 series in parallel
2026-05-16 18:24:18 [INFO] ts_benchmark.data.data_source(135): Data loading finished.
2026-05-16 18:24:18 [INFO] ts_benchmark.data.suites.global_storage(40): Data server starting...
2026-05-16 18:24:18 [INFO] ts_benchmark.data.suites.global_storage(41): Start sending data to the global storage.
2026-05-16 18:24:18 [INFO] ts_benchmark.data.suites.global_storage(46): Notifying all workers to sync data from the global storage.
2026-05-16 18:24:18 [INFO] ts_benchmark.data.suites.global_storage(49): Data server started.
2026-05-16 18:24:18 [INFO] ts_benchmark.models.model_loader(102): Trying to load model ts_benchmark.baselines.srs_paper.SRSNet_HypernetAF

scheduling SRSNet_HypernetAF:   0%|          | 0/1 [00:00<?, ?it/s]2026-05-16 18:24:18 [WARNING] ts_benchmark.baselines.deep_forecasting_model_base(56): The model parameter horizon is deprecated. Please use pred_len.

scheduling SRSNet_HypernetAF: 100%|██████████| 1/1 [06:41<00:00, 401.84s/it]
scheduling SRSNet_HypernetAF: 100%|██████████| 1/1 [06:41<00:00, 401.84s/it]
---------------------------------------------------------- SRSNet_HypernetAF
Total trainable parameters: 5991559
Validation loss decreased (inf --> 0.326088).  Saving model ...
Updating learning rate to 0.0001
EarlyStopping counter: 1 out of 10
Updating learning rate to 5e-05
EarlyStopping counter: 2 out of 10
Updating learning rate to 2.5e-05
Validation loss decreased (0.326088 --> 0.314196).  Saving model ...
Updating learning rate to 1.25e-05
Validation loss decreased (0.314196 --> 0.313200).  Saving model ...
Updating learning rate to 6.25e-06
Validation loss decreased (0.313200 --> 0.311869).  Saving model ...
Updating learning rate to 3.125e-06
Validation loss decreased (0.311869 --> 0.311841).  Saving model ...
Updating learning rate to 1.5625e-06
EarlyStopping counter: 1 out of 10
Updating learning rate to 7.8125e-07
EarlyStopping counter: 2 out of 10
Updating learning rate to 3.90625e-07
Validation loss decreased (0.311841 --> 0.311681).  Saving model ...
Updating learning rate to 1.953125e-07
EarlyStopping counter: 1 out of 10
Updating learning rate to 9.765625e-08
EarlyStopping counter: 2 out of 10
Updating learning rate to 4.8828125e-08
EarlyStopping counter: 3 out of 10
Updating learning rate to 2.44140625e-08
EarlyStopping counter: 4 out of 10
Updating learning rate to 1.220703125e-08
Validation loss decreased (0.311681 --> 0.311612).  Saving model ...
Updating learning rate to 6.103515625e-09
EarlyStopping counter: 1 out of 10
Updating learning rate to 3.0517578125e-09
EarlyStopping counter: 2 out of 10
Updating learning rate to 1.52587890625e-09
EarlyStopping counter: 3 out of 10
Updating learning rate to 7.62939453125e-10
EarlyStopping counter: 4 out of 10
Updating learning rate to 3.814697265625e-10
Validation loss decreased (0.311612 --> 0.311608).  Saving model ...
Updating learning rate to 1.9073486328125e-10
EarlyStopping counter: 1 out of 10
Updating learning rate to 9.5367431640625e-11
EarlyStopping counter: 2 out of 10
Updating learning rate to 4.76837158203125e-11
EarlyStopping counter: 3 out of 10
Updating learning rate to 2.384185791015625e-11
EarlyStopping counter: 4 out of 10
Updating learning rate to 1.1920928955078126e-11
EarlyStopping counter: 5 out of 10
Updating learning rate to 5.960464477539063e-12
EarlyStopping counter: 6 out of 10
Updating learning rate to 2.9802322387695314e-12
EarlyStopping counter: 7 out of 10
Updating learning rate to 1.4901161193847657e-12
EarlyStopping counter: 8 out of 10
Updating learning rate to 7.450580596923828e-13
EarlyStopping counter: 9 out of 10
Updating learning rate to 3.725290298461914e-13
EarlyStopping counter: 10 out of 10

collecting SRSNet_HypernetAF:   0%|          | 0/1 [00:00<?, ?it/s]
collecting SRSNet_HypernetAF: 100%|██████████| 1/1 [00:00<00:00, 35848.75it/s]
collecting SRSNet_HypernetAF: 100%|██████████| 1/1 [00:00<00:00, 9986.44it/s] 
2026-05-16 18:31:00 [INFO] ts_benchmark.recording(103): loading log file /home/ubuntu/SRSNet/result/repro/selectivity-controls/selectivity_controls/selectivity_controls_ETTm2_H720_SRSNet_HypernetAF_s2024/SRSNet_HypernetAF.1778956260.8e9af4e1-bd59-4abd-bd87-4b870b430c55-5f6cc66cbf-nfkn8.11549.csv.tar.gz
