2026-05-16 21:58:20 [INFO] ts_benchmark.data.data_source(126): Start loading 1 series in parallel
2026-05-16 21:58:21 [INFO] ts_benchmark.data.data_source(135): Data loading finished.
2026-05-16 21:58:21 [INFO] ts_benchmark.data.suites.global_storage(40): Data server starting...
2026-05-16 21:58:21 [INFO] ts_benchmark.data.suites.global_storage(41): Start sending data to the global storage.
2026-05-16 21:58:21 [INFO] ts_benchmark.data.suites.global_storage(46): Notifying all workers to sync data from the global storage.
2026-05-16 21:58:21 [INFO] ts_benchmark.data.suites.global_storage(49): Data server started.
2026-05-16 21:58:21 [INFO] ts_benchmark.models.model_loader(102): Trying to load model ts_benchmark.baselines.srs_paper.SRSNet_PSRS_HypernetAF

scheduling SRSNet_PSRS_HypernetAF:   0%|          | 0/1 [00:00<?, ?it/s]2026-05-16 21:58:21 [WARNING] ts_benchmark.baselines.deep_forecasting_model_base(56): The model parameter horizon is deprecated. Please use pred_len.

scheduling SRSNet_PSRS_HypernetAF: 100%|██████████| 1/1 [04:33<00:00, 273.75s/it]
scheduling SRSNet_PSRS_HypernetAF: 100%|██████████| 1/1 [04:33<00:00, 273.75s/it]
---------------------------------------------------------- SRSNet_PSRS_HypernetAF
Total trainable parameters: 1173541
Validation loss decreased (inf --> 0.152467).  Saving model ...
Updating learning rate to 0.0001
Validation loss decreased (0.152467 --> 0.151985).  Saving model ...
Updating learning rate to 5e-05
Validation loss decreased (0.151985 --> 0.149010).  Saving model ...
Updating learning rate to 2.5e-05
Validation loss decreased (0.149010 --> 0.146316).  Saving model ...
Updating learning rate to 1.25e-05
EarlyStopping counter: 1 out of 10
Updating learning rate to 6.25e-06
Validation loss decreased (0.146316 --> 0.145128).  Saving model ...
Updating learning rate to 3.125e-06
EarlyStopping counter: 1 out of 10
Updating learning rate to 1.5625e-06
EarlyStopping counter: 2 out of 10
Updating learning rate to 7.8125e-07
Validation loss decreased (0.145128 --> 0.144995).  Saving model ...
Updating learning rate to 3.90625e-07
EarlyStopping counter: 1 out of 10
Updating learning rate to 1.953125e-07
EarlyStopping counter: 2 out of 10
Updating learning rate to 9.765625e-08
EarlyStopping counter: 3 out of 10
Updating learning rate to 4.8828125e-08
EarlyStopping counter: 4 out of 10
Updating learning rate to 2.44140625e-08
EarlyStopping counter: 5 out of 10
Updating learning rate to 1.220703125e-08
EarlyStopping counter: 6 out of 10
Updating learning rate to 6.103515625e-09
EarlyStopping counter: 7 out of 10
Updating learning rate to 3.0517578125e-09
EarlyStopping counter: 8 out of 10
Updating learning rate to 1.52587890625e-09
EarlyStopping counter: 9 out of 10
Updating learning rate to 7.62939453125e-10
EarlyStopping counter: 10 out of 10

collecting SRSNet_PSRS_HypernetAF:   0%|          | 0/1 [00:00<?, ?it/s]
collecting SRSNet_PSRS_HypernetAF: 100%|██████████| 1/1 [00:00<00:00, 31775.03it/s]
collecting SRSNet_PSRS_HypernetAF: 100%|██████████| 1/1 [00:00<00:00, 9446.63it/s] 
2026-05-16 22:02:55 [INFO] ts_benchmark.recording(103): loading log file /home/ubuntu/SRSNet/result/repro/selectivity-controls/selectivity_controls/selectivity_controls_ETTm2_H96_SRSNet_PSRS_HypernetAF_s2025/SRSNet_PSRS_HypernetAF.1778968975.8e9af4e1-bd59-4abd-bd87-4b870b430c55-5f6cc66cbf-nfkn8.27737.csv.tar.gz
