2026-05-16 16:45:40 [INFO] ts_benchmark.data.data_source(126): Start loading 1 series in parallel
2026-05-16 16:45:40 [INFO] ts_benchmark.data.data_source(135): Data loading finished.
2026-05-16 16:45:40 [INFO] ts_benchmark.data.suites.global_storage(40): Data server starting...
2026-05-16 16:45:40 [INFO] ts_benchmark.data.suites.global_storage(41): Start sending data to the global storage.
2026-05-16 16:45:40 [INFO] ts_benchmark.data.suites.global_storage(46): Notifying all workers to sync data from the global storage.
2026-05-16 16:45:40 [INFO] ts_benchmark.data.suites.global_storage(49): Data server started.
2026-05-16 16:45:40 [INFO] ts_benchmark.models.model_loader(102): Trying to load model ts_benchmark.baselines.srs_paper.SRSNet_PSRS

scheduling SRSNet_PSRS:   0%|          | 0/1 [00:00<?, ?it/s]2026-05-16 16:45:40 [WARNING] ts_benchmark.baselines.deep_forecasting_model_base(56): The model parameter horizon is deprecated. Please use pred_len.

scheduling SRSNet_PSRS: 100%|██████████| 1/1 [00:38<00:00, 38.92s/it]
scheduling SRSNet_PSRS: 100%|██████████| 1/1 [00:38<00:00, 38.92s/it]
---------------------------------------------------------- SRSNet_PSRS
Total trainable parameters: 568456
Validation loss decreased (inf --> 0.346758).  Saving model ...
Updating learning rate to 0.0001
Validation loss decreased (0.346758 --> 0.343641).  Saving model ...
Updating learning rate to 5e-05
Validation loss decreased (0.343641 --> 0.343298).  Saving model ...
Updating learning rate to 2.5e-05
Validation loss decreased (0.343298 --> 0.342070).  Saving model ...
Updating learning rate to 1.25e-05
Validation loss decreased (0.342070 --> 0.341350).  Saving model ...
Updating learning rate to 6.25e-06
EarlyStopping counter: 1 out of 5
Updating learning rate to 3.125e-06
EarlyStopping counter: 2 out of 5
Updating learning rate to 1.5625e-06
EarlyStopping counter: 3 out of 5
Updating learning rate to 7.8125e-07
EarlyStopping counter: 4 out of 5
Updating learning rate to 3.90625e-07
EarlyStopping counter: 5 out of 5

collecting SRSNet_PSRS:   0%|          | 0/1 [00:00<?, ?it/s]
collecting SRSNet_PSRS: 100%|██████████| 1/1 [00:00<00:00, 31775.03it/s]
collecting SRSNet_PSRS: 100%|██████████| 1/1 [00:00<00:00, 9362.29it/s] 
2026-05-16 16:46:19 [INFO] ts_benchmark.recording(103): loading log file /home/ubuntu/SRSNet/result/repro/selectivity-controls/selectivity_controls/selectivity_controls_ETTh1_H96_SRSNet_PSRS_s2025/SRSNet_PSRS.1778949979.8e9af4e1-bd59-4abd-bd87-4b870b430c55-5f6cc66cbf-nfkn8.5050.csv.tar.gz
