2026-05-16 21:35:39 [INFO] ts_benchmark.data.data_source(126): Start loading 1 series in parallel
2026-05-16 21:35:40 [INFO] ts_benchmark.data.data_source(135): Data loading finished.
2026-05-16 21:35:40 [INFO] ts_benchmark.data.suites.global_storage(40): Data server starting...
2026-05-16 21:35:40 [INFO] ts_benchmark.data.suites.global_storage(41): Start sending data to the global storage.
2026-05-16 21:35:40 [INFO] ts_benchmark.data.suites.global_storage(46): Notifying all workers to sync data from the global storage.
2026-05-16 21:35:40 [INFO] ts_benchmark.data.suites.global_storage(49): Data server started.
2026-05-16 21:35:40 [INFO] ts_benchmark.models.model_loader(102): Trying to load model ts_benchmark.baselines.srs_paper.SRSNet_PSRS_HypernetAF

scheduling SRSNet_PSRS_HypernetAF:   0%|          | 0/1 [00:00<?, ?it/s]2026-05-16 21:35:40 [WARNING] ts_benchmark.baselines.deep_forecasting_model_base(56): The model parameter horizon is deprecated. Please use pred_len.

scheduling SRSNet_PSRS_HypernetAF: 100%|██████████| 1/1 [07:15<00:00, 435.52s/it]
scheduling SRSNet_PSRS_HypernetAF: 100%|██████████| 1/1 [07:15<00:00, 435.52s/it]
---------------------------------------------------------- SRSNet_PSRS_HypernetAF
Total trainable parameters: 1173541
Validation loss decreased (inf --> 0.150150).  Saving model ...
Updating learning rate to 0.0001
Validation loss decreased (0.150150 --> 0.149266).  Saving model ...
Updating learning rate to 5e-05
EarlyStopping counter: 1 out of 10
Updating learning rate to 2.5e-05
EarlyStopping counter: 2 out of 10
Updating learning rate to 1.25e-05
Validation loss decreased (0.149266 --> 0.145772).  Saving model ...
Updating learning rate to 6.25e-06
EarlyStopping counter: 1 out of 10
Updating learning rate to 3.125e-06
EarlyStopping counter: 2 out of 10
Updating learning rate to 1.5625e-06
EarlyStopping counter: 3 out of 10
Updating learning rate to 7.8125e-07
EarlyStopping counter: 4 out of 10
Updating learning rate to 3.90625e-07
Validation loss decreased (0.145772 --> 0.145770).  Saving model ...
Updating learning rate to 1.953125e-07
EarlyStopping counter: 1 out of 10
Updating learning rate to 9.765625e-08
Validation loss decreased (0.145770 --> 0.145566).  Saving model ...
Updating learning rate to 4.8828125e-08
EarlyStopping counter: 1 out of 10
Updating learning rate to 2.44140625e-08
EarlyStopping counter: 2 out of 10
Updating learning rate to 1.220703125e-08
EarlyStopping counter: 3 out of 10
Updating learning rate to 6.103515625e-09
EarlyStopping counter: 4 out of 10
Updating learning rate to 3.0517578125e-09
Validation loss decreased (0.145566 --> 0.145527).  Saving model ...
Updating learning rate to 1.52587890625e-09
EarlyStopping counter: 1 out of 10
Updating learning rate to 7.62939453125e-10
EarlyStopping counter: 2 out of 10
Updating learning rate to 3.814697265625e-10
EarlyStopping counter: 3 out of 10
Updating learning rate to 1.9073486328125e-10
EarlyStopping counter: 4 out of 10
Updating learning rate to 9.5367431640625e-11
Validation loss decreased (0.145527 --> 0.145492).  Saving model ...
Updating learning rate to 4.76837158203125e-11
EarlyStopping counter: 1 out of 10
Updating learning rate to 2.384185791015625e-11
EarlyStopping counter: 2 out of 10
Updating learning rate to 1.1920928955078126e-11
EarlyStopping counter: 3 out of 10
Updating learning rate to 5.960464477539063e-12
EarlyStopping counter: 4 out of 10
Updating learning rate to 2.9802322387695314e-12
EarlyStopping counter: 5 out of 10
Updating learning rate to 1.4901161193847657e-12
EarlyStopping counter: 6 out of 10
Updating learning rate to 7.450580596923828e-13
EarlyStopping counter: 7 out of 10
Updating learning rate to 3.725290298461914e-13
EarlyStopping counter: 8 out of 10
Updating learning rate to 1.862645149230957e-13
EarlyStopping counter: 9 out of 10
Updating learning rate to 9.313225746154786e-14
EarlyStopping counter: 10 out of 10

collecting SRSNet_PSRS_HypernetAF:   0%|          | 0/1 [00:00<?, ?it/s]
collecting SRSNet_PSRS_HypernetAF: 100%|██████████| 1/1 [00:00<00:00, 51781.53it/s]
collecting SRSNet_PSRS_HypernetAF: 100%|██████████| 1/1 [00:00<00:00, 7943.76it/s] 
2026-05-16 21:42:56 [INFO] ts_benchmark.recording(103): loading log file /home/ubuntu/SRSNet/result/repro/selectivity-controls/selectivity_controls/selectivity_controls_ETTm2_H96_SRSNet_PSRS_HypernetAF_s2022/SRSNet_PSRS_HypernetAF.1778967776.8e9af4e1-bd59-4abd-bd87-4b870b430c55-5f6cc66cbf-nfkn8.26623.csv.tar.gz
