2026-05-16 10:02:18 [INFO] ts_benchmark.data.data_source(126): Start loading 1 series in parallel
2026-05-16 10:02:18 [INFO] ts_benchmark.data.data_source(135): Data loading finished.
2026-05-16 10:02:18 [INFO] ts_benchmark.data.suites.global_storage(40): Data server starting...
2026-05-16 10:02:18 [INFO] ts_benchmark.data.suites.global_storage(41): Start sending data to the global storage.
2026-05-16 10:02:18 [INFO] ts_benchmark.data.suites.global_storage(46): Notifying all workers to sync data from the global storage.
2026-05-16 10:02:18 [INFO] ts_benchmark.data.suites.global_storage(49): Data server started.
2026-05-16 10:02:18 [INFO] ts_benchmark.models.model_loader(102): Trying to load model ts_benchmark.baselines.srs_paper.SRSNet_RandomSPNoShuffle

scheduling SRSNet_RandomSPNoShuffle:   0%|          | 0/1 [00:00<?, ?it/s]2026-05-16 10:02:19 [WARNING] ts_benchmark.baselines.deep_forecasting_model_base(56): The model parameter horizon is deprecated. Please use pred_len.

scheduling SRSNet_RandomSPNoShuffle: 100%|██████████| 1/1 [04:59<00:00, 299.06s/it]
scheduling SRSNet_RandomSPNoShuffle: 100%|██████████| 1/1 [04:59<00:00, 299.06s/it]
---------------------------------------------------------- SRSNet_RandomSPNoShuffle
Total trainable parameters: 1083034
Validation loss decreased (inf --> 0.151865).  Saving model ...
Updating learning rate to 0.0001
EarlyStopping counter: 1 out of 10
Updating learning rate to 5e-05
Validation loss decreased (0.151865 --> 0.147884).  Saving model ...
Updating learning rate to 2.5e-05
Validation loss decreased (0.147884 --> 0.146452).  Saving model ...
Updating learning rate to 1.25e-05
Validation loss decreased (0.146452 --> 0.145699).  Saving model ...
Updating learning rate to 6.25e-06
EarlyStopping counter: 1 out of 10
Updating learning rate to 3.125e-06
EarlyStopping counter: 2 out of 10
Updating learning rate to 1.5625e-06
EarlyStopping counter: 3 out of 10
Updating learning rate to 7.8125e-07
Validation loss decreased (0.145699 --> 0.145640).  Saving model ...
Updating learning rate to 3.90625e-07
EarlyStopping counter: 1 out of 10
Updating learning rate to 1.953125e-07
Validation loss decreased (0.145640 --> 0.145593).  Saving model ...
Updating learning rate to 9.765625e-08
Validation loss decreased (0.145593 --> 0.145592).  Saving model ...
Updating learning rate to 4.8828125e-08
EarlyStopping counter: 1 out of 10
Updating learning rate to 2.44140625e-08
Validation loss decreased (0.145592 --> 0.145570).  Saving model ...
Updating learning rate to 1.220703125e-08
EarlyStopping counter: 1 out of 10
Updating learning rate to 6.103515625e-09
EarlyStopping counter: 2 out of 10
Updating learning rate to 3.0517578125e-09
EarlyStopping counter: 3 out of 10
Updating learning rate to 1.52587890625e-09
EarlyStopping counter: 4 out of 10
Updating learning rate to 7.62939453125e-10
EarlyStopping counter: 5 out of 10
Updating learning rate to 3.814697265625e-10
Validation loss decreased (0.145570 --> 0.145456).  Saving model ...
Updating learning rate to 1.9073486328125e-10
EarlyStopping counter: 1 out of 10
Updating learning rate to 9.5367431640625e-11
EarlyStopping counter: 2 out of 10
Updating learning rate to 4.76837158203125e-11
EarlyStopping counter: 3 out of 10
Updating learning rate to 2.384185791015625e-11
EarlyStopping counter: 4 out of 10
Updating learning rate to 1.1920928955078126e-11
EarlyStopping counter: 5 out of 10
Updating learning rate to 5.960464477539063e-12
EarlyStopping counter: 6 out of 10
Updating learning rate to 2.9802322387695314e-12
EarlyStopping counter: 7 out of 10
Updating learning rate to 1.4901161193847657e-12
EarlyStopping counter: 8 out of 10
Updating learning rate to 7.450580596923828e-13
EarlyStopping counter: 9 out of 10
Updating learning rate to 3.725290298461914e-13
EarlyStopping counter: 10 out of 10

collecting SRSNet_RandomSPNoShuffle:   0%|          | 0/1 [00:00<?, ?it/s]
collecting SRSNet_RandomSPNoShuffle: 100%|██████████| 1/1 [00:00<00:00, 33554.43it/s]
collecting SRSNet_RandomSPNoShuffle: 100%|██████████| 1/1 [00:00<00:00, 9776.93it/s] 
2026-05-16 10:07:18 [INFO] ts_benchmark.recording(103): loading log file /home/ubuntu/SRSNet/result/repro/selectivity-controls/selectivity_controls/selectivity_controls_ETTm2_H96_SRSNet_RandomSPNoShuffle_s2024/SRSNet_RandomSPNoShuffle.1778926038.8e9af4e1-bd59-4abd-bd87-4b870b430c55-5f6cc66cbf-5llvp.12672.csv.tar.gz
