2026-05-16 08:21:30 [INFO] ts_benchmark.data.data_source(126): Start loading 1 series in parallel
2026-05-16 08:21:31 [INFO] ts_benchmark.data.data_source(135): Data loading finished.
2026-05-16 08:21:31 [INFO] ts_benchmark.data.suites.global_storage(40): Data server starting...
2026-05-16 08:21:31 [INFO] ts_benchmark.data.suites.global_storage(41): Start sending data to the global storage.
2026-05-16 08:21:31 [INFO] ts_benchmark.data.suites.global_storage(46): Notifying all workers to sync data from the global storage.
2026-05-16 08:21:31 [INFO] ts_benchmark.data.suites.global_storage(49): Data server started.
2026-05-16 08:21:31 [INFO] ts_benchmark.models.model_loader(102): Trying to load model ts_benchmark.baselines.srs_paper.SRSNet_RandomSPNoShuffle

scheduling SRSNet_RandomSPNoShuffle:   0%|          | 0/1 [00:00<?, ?it/s]2026-05-16 08:21:31 [WARNING] ts_benchmark.baselines.deep_forecasting_model_base(56): The model parameter horizon is deprecated. Please use pred_len.

scheduling SRSNet_RandomSPNoShuffle: 100%|██████████| 1/1 [00:42<00:00, 42.75s/it]
scheduling SRSNet_RandomSPNoShuffle: 100%|██████████| 1/1 [00:42<00:00, 42.75s/it]
---------------------------------------------------------- SRSNet_RandomSPNoShuffle
Total trainable parameters: 568069
Validation loss decreased (inf --> 0.343971).  Saving model ...
Updating learning rate to 0.0001
Validation loss decreased (0.343971 --> 0.343806).  Saving model ...
Updating learning rate to 5e-05
Validation loss decreased (0.343806 --> 0.340719).  Saving model ...
Updating learning rate to 2.5e-05
Validation loss decreased (0.340719 --> 0.340166).  Saving model ...
Updating learning rate to 1.25e-05
Validation loss decreased (0.340166 --> 0.340138).  Saving model ...
Updating learning rate to 6.25e-06
Validation loss decreased (0.340138 --> 0.339825).  Saving model ...
Updating learning rate to 3.125e-06
EarlyStopping counter: 1 out of 5
Updating learning rate to 1.5625e-06
EarlyStopping counter: 2 out of 5
Updating learning rate to 7.8125e-07
EarlyStopping counter: 3 out of 5
Updating learning rate to 3.90625e-07
EarlyStopping counter: 4 out of 5
Updating learning rate to 1.953125e-07
Validation loss decreased (0.339825 --> 0.339820).  Saving model ...
Updating learning rate to 9.765625e-08
EarlyStopping counter: 1 out of 5
Updating learning rate to 4.8828125e-08
EarlyStopping counter: 2 out of 5
Updating learning rate to 2.44140625e-08
EarlyStopping counter: 3 out of 5
Updating learning rate to 1.220703125e-08
EarlyStopping counter: 4 out of 5
Updating learning rate to 6.103515625e-09
EarlyStopping counter: 5 out of 5

collecting SRSNet_RandomSPNoShuffle:   0%|          | 0/1 [00:00<?, ?it/s]
collecting SRSNet_RandomSPNoShuffle: 100%|██████████| 1/1 [00:00<00:00, 28728.11it/s]
collecting SRSNet_RandomSPNoShuffle: 100%|██████████| 1/1 [00:00<00:00, 8405.42it/s] 
2026-05-16 08:22:14 [INFO] ts_benchmark.recording(103): loading log file /home/ubuntu/SRSNet/result/repro/selectivity-controls/selectivity_controls/selectivity_controls_ETTh1_H96_SRSNet_RandomSPNoShuffle_s2024/SRSNet_RandomSPNoShuffle.1778919734.8e9af4e1-bd59-4abd-bd87-4b870b430c55-5f6cc66cbf-5llvp.5659.csv.tar.gz
