2026-05-16 08:12:11 [INFO] ts_benchmark.data.data_source(126): Start loading 1 series in parallel
2026-05-16 08:12:11 [INFO] ts_benchmark.data.data_source(135): Data loading finished.
2026-05-16 08:12:11 [INFO] ts_benchmark.data.suites.global_storage(40): Data server starting...
2026-05-16 08:12:11 [INFO] ts_benchmark.data.suites.global_storage(41): Start sending data to the global storage.
2026-05-16 08:12:11 [INFO] ts_benchmark.data.suites.global_storage(46): Notifying all workers to sync data from the global storage.
2026-05-16 08:12:11 [INFO] ts_benchmark.data.suites.global_storage(49): Data server started.
2026-05-16 08:12:11 [INFO] ts_benchmark.models.model_loader(102): Trying to load model ts_benchmark.baselines.srs_paper.SRSNet_RandomSP

scheduling SRSNet_RandomSP:   0%|          | 0/1 [00:00<?, ?it/s]2026-05-16 08:12:12 [WARNING] ts_benchmark.baselines.deep_forecasting_model_base(56): The model parameter horizon is deprecated. Please use pred_len.

scheduling SRSNet_RandomSP: 100%|██████████| 1/1 [00:38<00:00, 38.45s/it]
scheduling SRSNet_RandomSP: 100%|██████████| 1/1 [00:38<00:00, 38.45s/it]
---------------------------------------------------------- SRSNet_RandomSP
Total trainable parameters: 568069
Validation loss decreased (inf --> 0.346696).  Saving model ...
Updating learning rate to 0.0001
Validation loss decreased (0.346696 --> 0.345984).  Saving model ...
Updating learning rate to 5e-05
Validation loss decreased (0.345984 --> 0.342472).  Saving model ...
Updating learning rate to 2.5e-05
Validation loss decreased (0.342472 --> 0.340947).  Saving model ...
Updating learning rate to 1.25e-05
EarlyStopping counter: 1 out of 5
Updating learning rate to 6.25e-06
EarlyStopping counter: 2 out of 5
Updating learning rate to 3.125e-06
Validation loss decreased (0.340947 --> 0.340898).  Saving model ...
Updating learning rate to 1.5625e-06
EarlyStopping counter: 1 out of 5
Updating learning rate to 7.8125e-07
EarlyStopping counter: 2 out of 5
Updating learning rate to 3.90625e-07
EarlyStopping counter: 3 out of 5
Updating learning rate to 1.953125e-07
EarlyStopping counter: 4 out of 5
Updating learning rate to 9.765625e-08
EarlyStopping counter: 5 out of 5

collecting SRSNet_RandomSP:   0%|          | 0/1 [00:00<?, ?it/s]
collecting SRSNet_RandomSP: 100%|██████████| 1/1 [00:00<00:00, 32263.88it/s]
collecting SRSNet_RandomSP: 100%|██████████| 1/1 [00:00<00:00, 8422.30it/s] 
2026-05-16 08:12:50 [INFO] ts_benchmark.recording(103): loading log file /home/ubuntu/SRSNet/result/repro/selectivity-controls/selectivity_controls/selectivity_controls_ETTh1_H96_SRSNet_RandomSP_s2022/SRSNet_RandomSP.1778919170.8e9af4e1-bd59-4abd-bd87-4b870b430c55-5f6cc66cbf-5llvp.3692.csv.tar.gz
