2026-05-16 19:29:20 [INFO] ts_benchmark.data.data_source(126): Start loading 1 series in parallel
2026-05-16 19:29:20 [INFO] ts_benchmark.data.data_source(135): Data loading finished.
2026-05-16 19:29:20 [INFO] ts_benchmark.data.suites.global_storage(40): Data server starting...
2026-05-16 19:29:20 [INFO] ts_benchmark.data.suites.global_storage(41): Start sending data to the global storage.
2026-05-16 19:29:20 [INFO] ts_benchmark.data.suites.global_storage(46): Notifying all workers to sync data from the global storage.
2026-05-16 19:29:20 [INFO] ts_benchmark.data.suites.global_storage(49): Data server started.
2026-05-16 19:29:20 [INFO] ts_benchmark.models.model_loader(102): Trying to load model ts_benchmark.baselines.srs_paper.SRSNet_RandomSP_HypernetAF

scheduling SRSNet_RandomSP_HypernetAF:   0%|          | 0/1 [00:00<?, ?it/s]2026-05-16 19:29:21 [WARNING] ts_benchmark.baselines.deep_forecasting_model_base(56): The model parameter horizon is deprecated. Please use pred_len.

scheduling SRSNet_RandomSP_HypernetAF: 100%|██████████| 1/1 [00:36<00:00, 36.64s/it]
scheduling SRSNet_RandomSP_HypernetAF: 100%|██████████| 1/1 [00:36<00:00, 36.64s/it]
---------------------------------------------------------- SRSNet_RandomSP_HypernetAF
Total trainable parameters: 615181
Validation loss decreased (inf --> 0.344977).  Saving model ...
Updating learning rate to 0.0001
EarlyStopping counter: 1 out of 5
Updating learning rate to 5e-05
Validation loss decreased (0.344977 --> 0.342568).  Saving model ...
Updating learning rate to 2.5e-05
Validation loss decreased (0.342568 --> 0.341402).  Saving model ...
Updating learning rate to 1.25e-05
Validation loss decreased (0.341402 --> 0.340619).  Saving model ...
Updating learning rate to 6.25e-06
EarlyStopping counter: 1 out of 5
Updating learning rate to 3.125e-06
EarlyStopping counter: 2 out of 5
Updating learning rate to 1.5625e-06
EarlyStopping counter: 3 out of 5
Updating learning rate to 7.8125e-07
EarlyStopping counter: 4 out of 5
Updating learning rate to 3.90625e-07
EarlyStopping counter: 5 out of 5

collecting SRSNet_RandomSP_HypernetAF:   0%|          | 0/1 [00:00<?, ?it/s]
collecting SRSNet_RandomSP_HypernetAF: 100%|██████████| 1/1 [00:00<00:00, 38836.15it/s]
collecting SRSNet_RandomSP_HypernetAF: 100%|██████████| 1/1 [00:00<00:00, 10082.46it/s]
2026-05-16 19:29:58 [INFO] ts_benchmark.recording(103): loading log file /home/ubuntu/SRSNet/result/repro/selectivity-controls/selectivity_controls/selectivity_controls_ETTh1_H96_SRSNet_RandomSP_HypernetAF_s2022/SRSNet_RandomSP_HypernetAF.1778959798.8e9af4e1-bd59-4abd-bd87-4b870b430c55-5f6cc66cbf-nfkn8.15837.csv.tar.gz
