2026-05-16 17:46:12 [INFO] ts_benchmark.data.data_source(126): Start loading 1 series in parallel
2026-05-16 17:46:12 [INFO] ts_benchmark.data.data_source(135): Data loading finished.
2026-05-16 17:46:12 [INFO] ts_benchmark.data.suites.global_storage(40): Data server starting...
2026-05-16 17:46:12 [INFO] ts_benchmark.data.suites.global_storage(41): Start sending data to the global storage.
2026-05-16 17:46:12 [INFO] ts_benchmark.data.suites.global_storage(46): Notifying all workers to sync data from the global storage.
2026-05-16 17:46:12 [INFO] ts_benchmark.data.suites.global_storage(49): Data server started.
2026-05-16 17:46:12 [INFO] ts_benchmark.models.model_loader(102): Trying to load model ts_benchmark.baselines.srs_paper.SRSNet_HypernetAF

scheduling SRSNet_HypernetAF:   0%|          | 0/1 [00:00<?, ?it/s]2026-05-16 17:46:13 [WARNING] ts_benchmark.baselines.deep_forecasting_model_base(56): The model parameter horizon is deprecated. Please use pred_len.

scheduling SRSNet_HypernetAF: 100%|██████████| 1/1 [10:03<00:00, 603.96s/it]
scheduling SRSNet_HypernetAF: 100%|██████████| 1/1 [10:03<00:00, 603.96s/it]
---------------------------------------------------------- SRSNet_HypernetAF
Total trainable parameters: 1173154
Validation loss decreased (inf --> 0.150347).  Saving model ...
Updating learning rate to 0.0001
EarlyStopping counter: 1 out of 10
Updating learning rate to 5e-05
Validation loss decreased (0.150347 --> 0.149896).  Saving model ...
Updating learning rate to 2.5e-05
Validation loss decreased (0.149896 --> 0.149303).  Saving model ...
Updating learning rate to 1.25e-05
Validation loss decreased (0.149303 --> 0.146853).  Saving model ...
Updating learning rate to 6.25e-06
Validation loss decreased (0.146853 --> 0.146432).  Saving model ...
Updating learning rate to 3.125e-06
Validation loss decreased (0.146432 --> 0.144785).  Saving model ...
Updating learning rate to 1.5625e-06
EarlyStopping counter: 1 out of 10
Updating learning rate to 7.8125e-07
Validation loss decreased (0.144785 --> 0.144760).  Saving model ...
Updating learning rate to 3.90625e-07
EarlyStopping counter: 1 out of 10
Updating learning rate to 1.953125e-07
EarlyStopping counter: 2 out of 10
Updating learning rate to 9.765625e-08
EarlyStopping counter: 3 out of 10
Updating learning rate to 4.8828125e-08
EarlyStopping counter: 4 out of 10
Updating learning rate to 2.44140625e-08
EarlyStopping counter: 5 out of 10
Updating learning rate to 1.220703125e-08
Validation loss decreased (0.144760 --> 0.144755).  Saving model ...
Updating learning rate to 6.103515625e-09
EarlyStopping counter: 1 out of 10
Updating learning rate to 3.0517578125e-09
EarlyStopping counter: 2 out of 10
Updating learning rate to 1.52587890625e-09
EarlyStopping counter: 3 out of 10
Updating learning rate to 7.62939453125e-10
EarlyStopping counter: 4 out of 10
Updating learning rate to 3.814697265625e-10
EarlyStopping counter: 5 out of 10
Updating learning rate to 1.9073486328125e-10
EarlyStopping counter: 6 out of 10
Updating learning rate to 9.5367431640625e-11
EarlyStopping counter: 7 out of 10
Updating learning rate to 4.76837158203125e-11
EarlyStopping counter: 8 out of 10
Updating learning rate to 2.384185791015625e-11
EarlyStopping counter: 9 out of 10
Updating learning rate to 1.1920928955078126e-11
Validation loss decreased (0.144755 --> 0.144724).  Saving model ...
Updating learning rate to 5.960464477539063e-12
EarlyStopping counter: 1 out of 10
Updating learning rate to 2.9802322387695314e-12
EarlyStopping counter: 2 out of 10
Updating learning rate to 1.4901161193847657e-12
Validation loss decreased (0.144724 --> 0.144721).  Saving model ...
Updating learning rate to 7.450580596923828e-13
EarlyStopping counter: 1 out of 10
Updating learning rate to 3.725290298461914e-13
EarlyStopping counter: 2 out of 10
Updating learning rate to 1.862645149230957e-13
EarlyStopping counter: 3 out of 10
Updating learning rate to 9.313225746154786e-14
EarlyStopping counter: 4 out of 10
Updating learning rate to 4.656612873077393e-14
EarlyStopping counter: 5 out of 10
Updating learning rate to 2.3283064365386964e-14
EarlyStopping counter: 6 out of 10
Updating learning rate to 1.1641532182693482e-14
EarlyStopping counter: 7 out of 10
Updating learning rate to 5.820766091346741e-15
Validation loss decreased (0.144721 --> 0.144687).  Saving model ...
Updating learning rate to 2.9103830456733705e-15
EarlyStopping counter: 1 out of 10
Updating learning rate to 1.4551915228366853e-15
EarlyStopping counter: 2 out of 10
Updating learning rate to 7.275957614183426e-16
EarlyStopping counter: 3 out of 10
Updating learning rate to 3.637978807091713e-16
EarlyStopping counter: 4 out of 10
Updating learning rate to 1.8189894035458566e-16
EarlyStopping counter: 5 out of 10
Updating learning rate to 9.094947017729283e-17
EarlyStopping counter: 6 out of 10
Updating learning rate to 4.5474735088646414e-17
EarlyStopping counter: 7 out of 10
Updating learning rate to 2.2737367544323207e-17
EarlyStopping counter: 8 out of 10
Updating learning rate to 1.1368683772161604e-17
EarlyStopping counter: 9 out of 10
Updating learning rate to 5.684341886080802e-18
EarlyStopping counter: 10 out of 10

collecting SRSNet_HypernetAF:   0%|          | 0/1 [00:00<?, ?it/s]
collecting SRSNet_HypernetAF: 100%|██████████| 1/1 [00:00<00:00, 31775.03it/s]
collecting SRSNet_HypernetAF: 100%|██████████| 1/1 [00:00<00:00, 8577.31it/s] 
2026-05-16 17:56:17 [INFO] ts_benchmark.recording(103): loading log file /home/ubuntu/SRSNet/result/repro/selectivity-controls/selectivity_controls/selectivity_controls_ETTm2_H96_SRSNet_HypernetAF_s2022/SRSNet_HypernetAF.1778954177.8e9af4e1-bd59-4abd-bd87-4b870b430c55-5f6cc66cbf-nfkn8.9161.csv.tar.gz
